<?xml version="1.0" ?>
<!DOCTYPE coverage SYSTEM "http://cobertura.sourceforge.net/xml/coverage-04.dtd">
<coverage lines-valid="1143" lines-covered="268" line-rate="0.23440000000000003" branches-valid="518" branches-covered="94" branch-rate="0.1814" timestamp="1717610437972" complexity="0" version="0.1">
  <sources>
    <source>/Users/mapaction/Kaicedra/Map-Action-Mobile-App</source>
  </sources>
  <packages>
    <package name="assets" line-rate="1" branch-rate="1">
      <classes>
        <class name="actionmapBlanc.png" filename="assets/actionmapBlanc.png" line-rate="1" branch-rate="1">
          <methods>
          </methods>
          <lines>
            <line number="1" hits="2" branch="false"/>
          </lines>
        </class>
        <class name="iconApp.png" filename="assets/iconApp.png" line-rate="1" branch-rate="1">
          <methods>
          </methods>
          <lines>
            <line number="1" hits="1" branch="false"/>
          </lines>
        </class>
        <class name="ill1.gif" filename="assets/ill1.gif" line-rate="1" branch-rate="1">
          <methods>
          </methods>
          <lines>
            <line number="1" hits="1" branch="false"/>
          </lines>
        </class>
        <class name="ill2.gif" filename="assets/ill2.gif" line-rate="1" branch-rate="1">
          <methods>
          </methods>
          <lines>
            <line number="1" hits="1" branch="false"/>
          </lines>
        </class>
        <class name="ill3.gif" filename="assets/ill3.gif" line-rate="1" branch-rate="1">
          <methods>
          </methods>
          <lines>
            <line number="1" hits="1" branch="false"/>
          </lines>
        </class>
        <class name="image.jpg" filename="assets/image.jpg" line-rate="1" branch-rate="1">
          <methods>
          </methods>
          <lines>
            <line number="1" hits="1" branch="false"/>
          </lines>
        </class>
      </classes>
    </package>
    <package name="components" line-rate="0.258" branch-rate="0">
      <classes>
        <class name="DrawerContent.jsx" filename="components/DrawerContent.jsx" line-rate="0.20679999999999998" branch-rate="0">
          <methods>
            <method name="(anonymous_0)" hits="0" signature="()V">
              <lines>
                <line number="20" hits="0"/>
              </lines>
            </method>
            <method name="(anonymous_1)" hits="0" signature="()V">
              <lines>
                <line number="25" hits="0"/>
              </lines>
            </method>
            <method name="(anonymous_2)" hits="0" signature="()V">
              <lines>
                <line number="45" hits="0"/>
              </lines>
            </method>
            <method name="(anonymous_3)" hits="0" signature="()V">
              <lines>
                <line number="52" hits="0"/>
              </lines>
            </method>
            <method name="(anonymous_4)" hits="0" signature="()V">
              <lines>
                <line number="66" hits="0"/>
              </lines>
            </method>
            <method name="(anonymous_5)" hits="0" signature="()V">
              <lines>
                <line number="72" hits="0"/>
              </lines>
            </method>
            <method name="(anonymous_6)" hits="0" signature="()V">
              <lines>
                <line number="79" hits="0"/>
              </lines>
            </method>
            <method name="(anonymous_7)" hits="0" signature="()V">
              <lines>
                <line number="86" hits="0"/>
              </lines>
            </method>
            <method name="(anonymous_8)" hits="0" signature="()V">
              <lines>
                <line number="92" hits="0"/>
              </lines>
            </method>
            <method name="(anonymous_9)" hits="0" signature="()V">
              <lines>
                <line number="99" hits="0"/>
              </lines>
            </method>
            <method name="(anonymous_10)" hits="0" signature="()V">
              <lines>
                <line number="106" hits="0"/>
              </lines>
            </method>
            <method name="(anonymous_11)" hits="0" signature="()V">
              <lines>
                <line number="133" hits="0"/>
              </lines>
            </method>
            <method name="(anonymous_12)" hits="0" signature="()V">
              <lines>
                <line number="138" hits="0"/>
              </lines>
            </method>
            <method name="(anonymous_13)" hits="0" signature="()V">
              <lines>
                <line number="170" hits="0"/>
              </lines>
            </method>
            <method name="(anonymous_14)" hits="0" signature="()V">
              <lines>
                <line number="175" hits="0"/>
              </lines>
            </method>
            <method name="(anonymous_15)" hits="0" signature="()V">
              <lines>
                <line number="207" hits="0"/>
              </lines>
            </method>
            <method name="(anonymous_16)" hits="0" signature="()V">
              <lines>
                <line number="212" hits="0"/>
              </lines>
            </method>
            <method name="(anonymous_17)" hits="0" signature="()V">
              <lines>
                <line number="245" hits="0"/>
              </lines>
            </method>
            <method name="(anonymous_18)" hits="0" signature="()V">
              <lines>
                <line number="250" hits="0"/>
              </lines>
            </method>
            <method name="(anonymous_19)" hits="0" signature="()V">
              <lines>
                <line number="316" hits="0"/>
              </lines>
            </method>
          </methods>
          <lines>
            <line number="21" hits="0" branch="false"/>
            <line number="22" hits="0" branch="false"/>
            <line number="26" hits="0" branch="false"/>
            <line number="27" hits="0" branch="false"/>
            <line number="29" hits="0" branch="false"/>
            <line number="31" hits="0" branch="false"/>
            <line number="45" hits="0" branch="false"/>
            <line number="52" hits="0" branch="false"/>
            <line number="66" hits="0" branch="false"/>
            <line number="72" hits="0" branch="false"/>
            <line number="79" hits="0" branch="false"/>
            <line number="86" hits="0" branch="false"/>
            <line number="92" hits="0" branch="false"/>
            <line number="100" hits="0" branch="false"/>
            <line number="106" hits="0" branch="false"/>
            <line number="133" hits="1" branch="false"/>
            <line number="134" hits="0" branch="false"/>
            <line number="139" hits="0" branch="false"/>
            <line number="170" hits="1" branch="false"/>
            <line number="171" hits="0" branch="false"/>
            <line number="176" hits="0" branch="false"/>
            <line number="207" hits="1" branch="false"/>
            <line number="208" hits="0" branch="false"/>
            <line number="213" hits="0" branch="false"/>
            <line number="245" hits="1" branch="false"/>
            <line number="246" hits="0" branch="false"/>
            <line number="251" hits="0" branch="false"/>
            <line number="278" hits="1" branch="false"/>
            <line number="316" hits="1" branch="true" condition-coverage="0% (0/2)"/>
          </lines>
        </class>
        <class name="TabBar.jsx" filename="components/TabBar.jsx" line-rate="1" branch-rate="1">
          <methods>
            <method name="TabBar" hits="1" signature="()V">
              <lines>
                <line number="6" hits="1"/>
              </lines>
            </method>
            <method name="(anonymous_1)" hits="1" signature="()V">
              <lines>
                <line number="8" hits="1"/>
              </lines>
            </method>
          </methods>
          <lines>
            <line number="7" hits="1" branch="false"/>
            <line number="8" hits="1" branch="false"/>
          </lines>
        </class>
      </classes>
    </package>
    <package name="redux.challenges" line-rate="0.8095" branch-rate="1">
      <classes>
        <class name="action.js" filename="redux/challenges/action.js" line-rate="0.8095" branch-rate="1">
          <methods>
            <method name="order" hits="2" signature="()V">
              <lines>
                <line number="4" hits="2"/>
              </lines>
            </method>
            <method name="(anonymous_1)" hits="0" signature="()V">
              <lines>
                <line number="5" hits="0"/>
              </lines>
            </method>
            <method name="(anonymous_2)" hits="0" signature="()V">
              <lines>
                <line number="12" hits="0"/>
              </lines>
            </method>
            <method name="(anonymous_3)" hits="0" signature="()V">
              <lines>
                <line number="16" hits="0"/>
              </lines>
            </method>
            <method name="onGetChallenges" hits="1" signature="()V">
              <lines>
                <line number="20" hits="1"/>
              </lines>
            </method>
            <method name="(anonymous_5)" hits="1" signature="()V">
              <lines>
                <line number="25" hits="1"/>
              </lines>
            </method>
            <method name="onAddChallenge" hits="1" signature="()V">
              <lines>
                <line number="29" hits="1"/>
              </lines>
            </method>
            <method name="(anonymous_7)" hits="1" signature="()V">
              <lines>
                <line number="31" hits="1"/>
              </lines>
            </method>
            <method name="onDeleteChallenge" hits="1" signature="()V">
              <lines>
                <line number="36" hits="1"/>
              </lines>
            </method>
            <method name="(anonymous_9)" hits="1" signature="()V">
              <lines>
                <line number="38" hits="1"/>
              </lines>
            </method>
            <method name="onEditChallenge" hits="1" signature="()V">
              <lines>
                <line number="42" hits="1"/>
              </lines>
            </method>
            <method name="(anonymous_11)" hits="1" signature="()V">
              <lines>
                <line number="44" hits="1"/>
              </lines>
            </method>
          </methods>
          <lines>
            <line number="5" hits="2" branch="false"/>
            <line number="6" hits="0" branch="false"/>
            <line number="7" hits="0" branch="false"/>
            <line number="9" hits="2" branch="false"/>
            <line number="10" hits="2" branch="false"/>
            <line number="12" hits="0" branch="false"/>
            <line number="14" hits="2" branch="false"/>
            <line number="16" hits="0" branch="false"/>
            <line number="18" hits="2" branch="false"/>
            <line number="21" hits="1" branch="false"/>
            <line number="25" hits="1" branch="false"/>
            <line number="26" hits="1" branch="false"/>
            <line number="30" hits="1" branch="false"/>
            <line number="31" hits="1" branch="false"/>
            <line number="32" hits="1" branch="false"/>
            <line number="37" hits="1" branch="false"/>
            <line number="38" hits="1" branch="false"/>
            <line number="39" hits="1" branch="false"/>
            <line number="43" hits="1" branch="false"/>
            <line number="44" hits="1" branch="false"/>
            <line number="45" hits="1" branch="false"/>
          </lines>
        </class>
        <class name="constantes.js" filename="redux/challenges/constantes.js" line-rate="1" branch-rate="1">
          <methods>
          </methods>
          <lines>
          </lines>
        </class>
      </classes>
    </package>
    <package name="redux.incidents" line-rate="1" branch-rate="1">
      <classes>
        <class name="action.js" filename="redux/incidents/action.js" line-rate="1" branch-rate="1">
          <methods>
            <method name="onGetIncidents" hits="1" signature="()V">
              <lines>
                <line number="3" hits="1"/>
              </lines>
            </method>
            <method name="(anonymous_1)" hits="1" signature="()V">
              <lines>
                <line number="5" hits="1"/>
              </lines>
            </method>
            <method name="onAddIncident" hits="1" signature="()V">
              <lines>
                <line number="9" hits="1"/>
              </lines>
            </method>
            <method name="(anonymous_3)" hits="1" signature="()V">
              <lines>
                <line number="11" hits="1"/>
              </lines>
            </method>
            <method name="onDeleteIncident" hits="1" signature="()V">
              <lines>
                <line number="16" hits="1"/>
              </lines>
            </method>
            <method name="(anonymous_5)" hits="1" signature="()V">
              <lines>
                <line number="18" hits="1"/>
              </lines>
            </method>
            <method name="onEditIncident" hits="1" signature="()V">
              <lines>
                <line number="22" hits="1"/>
              </lines>
            </method>
            <method name="(anonymous_7)" hits="1" signature="()V">
              <lines>
                <line number="24" hits="1"/>
              </lines>
            </method>
          </methods>
          <lines>
            <line number="4" hits="1" branch="false"/>
            <line number="5" hits="1" branch="false"/>
            <line number="6" hits="1" branch="false"/>
            <line number="10" hits="1" branch="false"/>
            <line number="11" hits="1" branch="false"/>
            <line number="12" hits="1" branch="false"/>
            <line number="17" hits="1" branch="false"/>
            <line number="18" hits="1" branch="false"/>
            <line number="19" hits="1" branch="false"/>
            <line number="23" hits="1" branch="false"/>
            <line number="24" hits="1" branch="false"/>
            <line number="25" hits="1" branch="false"/>
          </lines>
        </class>
        <class name="constantes.js" filename="redux/incidents/constantes.js" line-rate="1" branch-rate="1">
          <methods>
          </methods>
          <lines>
          </lines>
        </class>
      </classes>
    </package>
    <package name="redux.user" line-rate="1" branch-rate="1">
      <classes>
        <class name="action.js" filename="redux/user/action.js" line-rate="1" branch-rate="1">
          <methods>
            <method name="onLogin" hits="1" signature="()V">
              <lines>
                <line number="4" hits="1"/>
              </lines>
            </method>
            <method name="onGetUsers" hits="1" signature="()V">
              <lines>
                <line number="8" hits="1"/>
              </lines>
            </method>
            <method name="onLogout" hits="1" signature="()V">
              <lines>
                <line number="12" hits="1"/>
              </lines>
            </method>
          </methods>
          <lines>
            <line number="5" hits="1" branch="false"/>
            <line number="9" hits="1" branch="false"/>
            <line number="13" hits="1" branch="false"/>
          </lines>
        </class>
        <class name="constantes.js" filename="redux/user/constantes.js" line-rate="1" branch-rate="1">
          <methods>
          </methods>
          <lines>
          </lines>
        </class>
      </classes>
    </package>
    <package name="screens" line-rate="0.08990000000000001" branch-rate="0.1724">
      <classes>
        <class name="Auth.jsx" filename="screens/Auth.jsx" line-rate="0.0582" branch-rate="0.1578">
          <methods>
            <method name="TwitterLogin" hits="0" signature="()V">
              <lines>
                <line number="24" hits="0"/>
              </lines>
            </method>
            <method name="(anonymous_1)" hits="0" signature="()V">
              <lines>
                <line number="26" hits="0"/>
              </lines>
            </method>
            <method name="(anonymous_2)" hits="0" signature="()V">
              <lines>
                <line number="39" hits="0"/>
              </lines>
            </method>
            <method name="(anonymous_3)" hits="0" signature="()V">
              <lines>
                <line number="42" hits="0"/>
              </lines>
            </method>
            <method name="(anonymous_4)" hits="0" signature="()V">
              <lines>
                <line number="61" hits="0"/>
              </lines>
            </method>
            <method name="(anonymous_5)" hits="3" signature="()V">
              <lines>
                <line number="123" hits="3"/>
              </lines>
            </method>
            <method name="(anonymous_6)" hits="0" signature="()V">
              <lines>
                <line number="126" hits="0"/>
              </lines>
            </method>
            <method name="(anonymous_7)" hits="0" signature="()V">
              <lines>
                <line number="127" hits="0"/>
              </lines>
            </method>
            <method name="(anonymous_8)" hits="0" signature="()V">
              <lines>
                <line number="132" hits="0"/>
              </lines>
            </method>
            <method name="(anonymous_9)" hits="0" signature="()V">
              <lines>
                <line number="154" hits="0"/>
              </lines>
            </method>
            <method name="(anonymous_10)" hits="0" signature="()V">
              <lines>
                <line number="163" hits="0"/>
              </lines>
            </method>
            <method name="(anonymous_11)" hits="0" signature="()V">
              <lines>
                <line number="164" hits="0"/>
              </lines>
            </method>
            <method name="(anonymous_12)" hits="0" signature="()V">
              <lines>
                <line number="171" hits="0"/>
              </lines>
            </method>
            <method name="(anonymous_13)" hits="0" signature="()V">
              <lines>
                <line number="201" hits="0"/>
              </lines>
            </method>
            <method name="(anonymous_14)" hits="0" signature="()V">
              <lines>
                <line number="205" hits="0"/>
              </lines>
            </method>
            <method name="(anonymous_15)" hits="0" signature="()V">
              <lines>
                <line number="208" hits="0"/>
              </lines>
            </method>
            <method name="(anonymous_16)" hits="0" signature="()V">
              <lines>
                <line number="212" hits="0"/>
              </lines>
            </method>
            <method name="(anonymous_17)" hits="0" signature="()V">
              <lines>
                <line number="237" hits="0"/>
              </lines>
            </method>
            <method name="(anonymous_18)" hits="0" signature="()V">
              <lines>
                <line number="256" hits="0"/>
              </lines>
            </method>
            <method name="(anonymous_19)" hits="3" signature="()V">
              <lines>
                <line number="272" hits="3"/>
              </lines>
            </method>
            <method name="(anonymous_20)" hits="0" signature="()V">
              <lines>
                <line number="285" hits="0"/>
              </lines>
            </method>
            <method name="(anonymous_21)" hits="0" signature="()V">
              <lines>
                <line number="291" hits="0"/>
              </lines>
            </method>
            <method name="(anonymous_22)" hits="0" signature="()V">
              <lines>
                <line number="325" hits="0"/>
              </lines>
            </method>
            <method name="(anonymous_23)" hits="9" signature="()V">
              <lines>
                <line number="376" hits="9"/>
              </lines>
            </method>
            <method name="(anonymous_24)" hits="0" signature="()V">
              <lines>
                <line number="379" hits="0"/>
              </lines>
            </method>
          </methods>
          <lines>
            <line number="25" hits="0" branch="false"/>
            <line number="27" hits="0" branch="false"/>
            <line number="28" hits="0" branch="false"/>
            <line number="36" hits="0" branch="false"/>
            <line number="37" hits="0" branch="false"/>
            <line number="39" hits="0" branch="false"/>
            <line number="42" hits="0" branch="false"/>
            <line number="43" hits="0" branch="false"/>
            <line number="44" hits="0" branch="false"/>
            <line number="48" hits="0" branch="false"/>
            <line number="50" hits="0" branch="false"/>
            <line number="53" hits="0" branch="true" condition-coverage="0% (0/2)"/>
            <line number="54" hits="0" branch="false"/>
            <line number="57" hits="0" branch="false"/>
            <line number="62" hits="0" branch="false"/>
            <line number="63" hits="0" branch="false"/>
            <line number="64" hits="0" branch="false"/>
            <line number="65" hits="0" branch="false"/>
            <line number="67" hits="0" branch="true" condition-coverage="0% (0/2)"/>
            <line number="68" hits="0" branch="false"/>
            <line number="69" hits="0" branch="false"/>
            <line number="70" hits="0" branch="true" condition-coverage="0% (0/2)"/>
            <line number="71" hits="0" branch="false"/>
            <line number="72" hits="0" branch="false"/>
            <line number="76" hits="0" branch="false"/>
            <line number="83" hits="0" branch="false"/>
            <line number="84" hits="0" branch="false"/>
            <line number="86" hits="0" branch="false"/>
            <line number="87" hits="0" branch="false"/>
            <line number="88" hits="0" branch="false"/>
            <line number="89" hits="0" branch="false"/>
            <line number="90" hits="0" branch="false"/>
            <line number="100" hits="0" branch="false"/>
            <line number="102" hits="0" branch="false"/>
            <line number="105" hits="0" branch="false"/>
            <line number="106" hits="0" branch="false"/>
            <line number="111" hits="0" branch="false"/>
            <line number="116" hits="0" branch="false"/>
            <line number="117" hits="0" branch="false"/>
            <line number="121" hits="3" branch="false"/>
            <line number="124" hits="3" branch="false"/>
            <line number="126" hits="0" branch="false"/>
            <line number="127" hits="0" branch="false"/>
            <line number="133" hits="0" branch="false"/>
            <line number="134" hits="0" branch="false"/>
            <line number="135" hits="0" branch="false"/>
            <line number="136" hits="0" branch="false"/>
            <line number="143" hits="0" branch="false"/>
            <line number="144" hits="0" branch="false"/>
            <line number="145" hits="0" branch="false"/>
            <line number="147" hits="0" branch="false"/>
            <line number="151" hits="0" branch="false"/>
            <line number="155" hits="0" branch="true" condition-coverage="0% (0/2)"/>
            <line number="156" hits="0" branch="false"/>
            <line number="163" hits="0" branch="false"/>
            <line number="165" hits="0" branch="false"/>
            <line number="171" hits="3" branch="false"/>
            <line number="173" hits="0" branch="false"/>
            <line number="174" hits="0" branch="false"/>
            <line number="176" hits="0" branch="true" condition-coverage="0% (0/2)"/>
            <line number="177" hits="0" branch="false"/>
            <line number="180" hits="0" branch="false"/>
            <line number="182" hits="0" branch="true" condition-coverage="0% (0/2)"/>
            <line number="183" hits="0" branch="false"/>
            <line number="186" hits="0" branch="false"/>
            <line number="187" hits="0" branch="false"/>
            <line number="191" hits="0" branch="false"/>
            <line number="192" hits="0" branch="false"/>
            <line number="193" hits="0" branch="false"/>
            <line number="196" hits="0" branch="false"/>
            <line number="197" hits="0" branch="false"/>
            <line number="201" hits="3" branch="false"/>
            <line number="202" hits="0" branch="false"/>
            <line number="206" hits="0" branch="false"/>
            <line number="209" hits="0" branch="false"/>
            <line number="210" hits="0" branch="false"/>
            <line number="213" hits="0" branch="true" condition-coverage="0% (0/2)"/>
            <line number="214" hits="0" branch="false"/>
            <line number="237" hits="0" branch="false"/>
            <line number="257" hits="0" branch="false"/>
            <line number="258" hits="0" branch="true" condition-coverage="0% (0/2)"/>
            <line number="259" hits="0" branch="false"/>
            <line number="273" hits="3" branch="false"/>
            <line number="285" hits="0" branch="false"/>
            <line number="291" hits="0" branch="false"/>
            <line number="326" hits="0" branch="false"/>
            <line number="327" hits="0" branch="false"/>
            <line number="333" hits="0" branch="false"/>
            <line number="334" hits="0" branch="false"/>
            <line number="335" hits="0" branch="false"/>
            <line number="336" hits="0" branch="false"/>
            <line number="337" hits="0" branch="true" condition-coverage="0% (0/2)"/>
            <line number="338" hits="0" branch="false"/>
            <line number="346" hits="0" branch="false"/>
            <line number="347" hits="0" branch="false"/>
            <line number="349" hits="0" branch="false"/>
            <line number="350" hits="0" branch="false"/>
            <line number="358" hits="0" branch="false"/>
            <line number="361" hits="0" branch="false"/>
            <line number="362" hits="0" branch="true" condition-coverage="0% (0/2)"/>
            <line number="365" hits="0" branch="false"/>
            <line number="377" hits="9" branch="false"/>
            <line number="379" hits="0" branch="false"/>
          </lines>
        </class>
        <class name="Logout.js" filename="screens/Logout.js" line-rate="0" branch-rate="1">
          <methods>
            <method name="(anonymous_0)" hits="0" signature="()V">
              <lines>
                <line number="8" hits="0"/>
              </lines>
            </method>
            <method name="(anonymous_1)" hits="0" signature="()V">
              <lines>
                <line number="14" hits="0"/>
              </lines>
            </method>
          </methods>
          <lines>
            <line number="9" hits="0" branch="false"/>
            <line number="10" hits="0" branch="false"/>
            <line number="11" hits="0" branch="false"/>
            <line number="15" hits="0" branch="false"/>
          </lines>
        </class>
        <class name="accueil.jsx" filename="screens/accueil.jsx" line-rate="0.4285" branch-rate="1">
          <methods>
            <method name="(anonymous_0)" hits="0" signature="()V">
              <lines>
                <line number="15" hits="0"/>
              </lines>
            </method>
            <method name="(anonymous_1)" hits="0" signature="()V">
              <lines>
                <line number="33" hits="0"/>
              </lines>
            </method>
            <method name="(anonymous_2)" hits="0" signature="()V">
              <lines>
                <line number="43" hits="0"/>
              </lines>
            </method>
            <method name="(anonymous_3)" hits="1" signature="()V">
              <lines>
                <line number="46" hits="1"/>
              </lines>
            </method>
            <method name="(anonymous_4)" hits="0" signature="()V">
              <lines>
                <line number="55" hits="0"/>
              </lines>
            </method>
            <method name="(anonymous_5)" hits="0" signature="()V">
              <lines>
                <line number="56" hits="0"/>
              </lines>
            </method>
            <method name="(anonymous_6)" hits="0" signature="()V">
              <lines>
                <line number="57" hits="0"/>
              </lines>
            </method>
            <method name="(anonymous_7)" hits="0" signature="()V">
              <lines>
                <line number="61" hits="0"/>
              </lines>
            </method>
          </methods>
          <lines>
            <line number="10" hits="1" branch="false"/>
            <line number="15" hits="1" branch="false"/>
            <line number="16" hits="0" branch="false"/>
            <line number="17" hits="0" branch="false"/>
            <line number="33" hits="1" branch="false"/>
            <line number="34" hits="0" branch="false"/>
            <line number="43" hits="1" branch="false"/>
            <line number="44" hits="0" branch="false"/>
            <line number="47" hits="1" branch="false"/>
            <line number="55" hits="0" branch="false"/>
            <line number="56" hits="0" branch="false"/>
            <line number="57" hits="0" branch="false"/>
            <line number="61" hits="0" branch="false"/>
            <line number="73" hits="1" branch="false"/>
          </lines>
        </class>
        <class name="login.jsx" filename="screens/login.jsx" line-rate="0.0735" branch-rate="0.2">
          <methods>
            <method name="(anonymous_0)" hits="0" signature="()V">
              <lines>
                <line number="36" hits="0"/>
              </lines>
            </method>
            <method name="(anonymous_1)" hits="0" signature="()V">
              <lines>
                <line number="41" hits="0"/>
              </lines>
            </method>
            <method name="(anonymous_2)" hits="0" signature="()V">
              <lines>
                <line number="45" hits="0"/>
              </lines>
            </method>
            <method name="(anonymous_3)" hits="0" signature="()V">
              <lines>
                <line number="47" hits="0"/>
              </lines>
            </method>
            <method name="(anonymous_4)" hits="0" signature="()V">
              <lines>
                <line number="54" hits="0"/>
              </lines>
            </method>
            <method name="(anonymous_5)" hits="0" signature="()V">
              <lines>
                <line number="60" hits="0"/>
              </lines>
            </method>
            <method name="(anonymous_6)" hits="0" signature="()V">
              <lines>
                <line number="94" hits="0"/>
              </lines>
            </method>
            <method name="(anonymous_7)" hits="0" signature="()V">
              <lines>
                <line number="118" hits="0"/>
              </lines>
            </method>
            <method name="(anonymous_8)" hits="0" signature="()V">
              <lines>
                <line number="131" hits="0"/>
              </lines>
            </method>
            <method name="(anonymous_9)" hits="0" signature="()V">
              <lines>
                <line number="132" hits="0"/>
              </lines>
            </method>
            <method name="(anonymous_10)" hits="3" signature="()V">
              <lines>
                <line number="184" hits="3"/>
              </lines>
            </method>
            <method name="(anonymous_11)" hits="0" signature="()V">
              <lines>
                <line number="227" hits="0"/>
              </lines>
            </method>
            <method name="(anonymous_12)" hits="0" signature="()V">
              <lines>
                <line number="253" hits="0"/>
              </lines>
            </method>
            <method name="(anonymous_13)" hits="0" signature="()V">
              <lines>
                <line number="269" hits="0"/>
              </lines>
            </method>
            <method name="(anonymous_14)" hits="0" signature="()V">
              <lines>
                <line number="284" hits="0"/>
              </lines>
            </method>
            <method name="(anonymous_15)" hits="0" signature="()V">
              <lines>
                <line number="317" hits="0"/>
              </lines>
            </method>
            <method name="(anonymous_16)" hits="3" signature="()V">
              <lines>
                <line number="397" hits="3"/>
              </lines>
            </method>
          </methods>
          <lines>
            <line number="24" hits="3" branch="false"/>
            <line number="32" hits="3" branch="false"/>
            <line number="37" hits="0" branch="false"/>
            <line number="42" hits="0" branch="false"/>
            <line number="43" hits="0" branch="false"/>
            <line number="46" hits="0" branch="false"/>
            <line number="47" hits="0" branch="false"/>
            <line number="48" hits="0" branch="false"/>
            <line number="50" hits="0" branch="false"/>
            <line number="55" hits="0" branch="false"/>
            <line number="61" hits="0" branch="false"/>
            <line number="63" hits="0" branch="false"/>
            <line number="64" hits="0" branch="false"/>
            <line number="65" hits="0" branch="false"/>
            <line number="66" hits="0" branch="false"/>
            <line number="68" hits="0" branch="false"/>
            <line number="70" hits="0" branch="true" condition-coverage="0% (0/2)"/>
            <line number="71" hits="0" branch="false"/>
            <line number="73" hits="0" branch="true" condition-coverage="0% (0/2)"/>
            <line number="74" hits="0" branch="false"/>
            <line number="75" hits="0" branch="false"/>
            <line number="76" hits="0" branch="false"/>
            <line number="77" hits="0" branch="false"/>
            <line number="78" hits="0" branch="false"/>
            <line number="79" hits="0" branch="false"/>
            <line number="81" hits="0" branch="false"/>
            <line number="84" hits="0" branch="false"/>
            <line number="91" hits="0" branch="false"/>
            <line number="95" hits="0" branch="false"/>
            <line number="96" hits="0" branch="false"/>
            <line number="97" hits="0" branch="false"/>
            <line number="98" hits="0" branch="false"/>
            <line number="99" hits="0" branch="false"/>
            <line number="101" hits="0" branch="false"/>
            <line number="102" hits="0" branch="false"/>
            <line number="103" hits="0" branch="false"/>
            <line number="104" hits="0" branch="false"/>
            <line number="105" hits="0" branch="false"/>
            <line number="106" hits="0" branch="false"/>
            <line number="107" hits="0" branch="false"/>
            <line number="108" hits="0" branch="false"/>
            <line number="109" hits="0" branch="false"/>
            <line number="110" hits="0" branch="false"/>
            <line number="112" hits="0" branch="false"/>
            <line number="113" hits="0" branch="true" condition-coverage="0% (0/2)"/>
            <line number="114" hits="0" branch="false"/>
            <line number="115" hits="0" branch="true" condition-coverage="0% (0/2)"/>
            <line number="116" hits="0" branch="false"/>
            <line number="118" hits="0" branch="false"/>
            <line number="119" hits="0" branch="false"/>
            <line number="120" hits="0" branch="false"/>
            <line number="124" hits="0" branch="false"/>
            <line number="127" hits="0" branch="false"/>
            <line number="132" hits="0" branch="false"/>
            <line number="133" hits="0" branch="false"/>
            <line number="134" hits="0" branch="false"/>
            <line number="135" hits="0" branch="true" condition-coverage="0% (0/2)"/>
            <line number="136" hits="0" branch="false"/>
            <line number="140" hits="0" branch="false"/>
            <line number="143" hits="0" branch="false"/>
            <line number="185" hits="3" branch="false"/>
            <line number="227" hits="0" branch="false"/>
            <line number="253" hits="0" branch="false"/>
            <line number="269" hits="0" branch="false"/>
            <line number="284" hits="0" branch="false"/>
            <line number="317" hits="0" branch="false"/>
            <line number="331" hits="1" branch="false"/>
            <line number="397" hits="3" branch="false"/>
          </lines>
        </class>
      </classes>
    </package>
    <package name="screens.badge" line-rate="0" branch-rate="0">
      <classes>
        <class name="Share.js" filename="screens/badge/Share.js" line-rate="0" branch-rate="0">
          <methods>
            <method name="(anonymous_0)" hits="0" signature="()V">
              <lines>
                <line number="8" hits="0"/>
              </lines>
            </method>
            <method name="(anonymous_1)" hits="0" signature="()V">
              <lines>
                <line number="29" hits="0"/>
              </lines>
            </method>
            <method name="(anonymous_2)" hits="0" signature="()V">
              <lines>
                <line number="50" hits="0"/>
              </lines>
            </method>
            <method name="(anonymous_3)" hits="0" signature="()V">
              <lines>
                <line number="71" hits="0"/>
              </lines>
            </method>
            <method name="(anonymous_4)" hits="0" signature="()V">
              <lines>
                <line number="86" hits="0"/>
              </lines>
            </method>
          </methods>
          <lines>
            <line number="9" hits="0" branch="false"/>
            <line number="10" hits="0" branch="false"/>
            <line number="16" hits="0" branch="true" condition-coverage="0% (0/2)"/>
            <line number="17" hits="0" branch="true" condition-coverage="0% (0/2)"/>
            <line number="22" hits="0" branch="true" condition-coverage="0% (0/2)"/>
            <line number="26" hits="0" branch="false"/>
            <line number="30" hits="0" branch="false"/>
            <line number="31" hits="0" branch="false"/>
            <line number="37" hits="0" branch="true" condition-coverage="0% (0/2)"/>
            <line number="38" hits="0" branch="true" condition-coverage="0% (0/2)"/>
            <line number="43" hits="0" branch="true" condition-coverage="0% (0/2)"/>
            <line number="47" hits="0" branch="false"/>
            <line number="51" hits="0" branch="false"/>
            <line number="52" hits="0" branch="false"/>
            <line number="58" hits="0" branch="true" condition-coverage="0% (0/2)"/>
            <line number="59" hits="0" branch="true" condition-coverage="0% (0/2)"/>
            <line number="64" hits="0" branch="true" condition-coverage="0% (0/2)"/>
            <line number="68" hits="0" branch="false"/>
            <line number="82" hits="0" branch="false"/>
            <line number="84" hits="0" branch="false"/>
            <line number="87" hits="0" branch="true" condition-coverage="0% (0/2)"/>
            <line number="88" hits="0" branch="false"/>
            <line number="89" hits="0" branch="true" condition-coverage="0% (0/2)"/>
            <line number="90" hits="0" branch="false"/>
            <line number="92" hits="0" branch="false"/>
          </lines>
        </class>
      </classes>
    </package>
    <package name="screens.newScreen" line-rate="0.157" branch-rate="0.3762">
      <classes>
        <class name="Gallery.js" filename="screens/newScreen/Gallery.js" line-rate="0.1875" branch-rate="1">
          <methods>
            <method name="(anonymous_0)" hits="0" signature="()V">
              <lines>
                <line number="9" hits="0"/>
              </lines>
            </method>
            <method name="(anonymous_1)" hits="0" signature="()V">
              <lines>
                <line number="22" hits="0"/>
              </lines>
            </method>
            <method name="(anonymous_2)" hits="0" signature="()V">
              <lines>
                <line number="23" hits="0"/>
              </lines>
            </method>
            <method name="(anonymous_3)" hits="0" signature="()V">
              <lines>
                <line number="28" hits="0"/>
              </lines>
            </method>
            <method name="(anonymous_4)" hits="0" signature="()V">
              <lines>
                <line number="40" hits="0"/>
              </lines>
            </method>
            <method name="(anonymous_5)" hits="0" signature="()V">
              <lines>
                <line number="45" hits="0"/>
              </lines>
            </method>
          </methods>
          <lines>
            <line number="6" hits="1" branch="false"/>
            <line number="7" hits="1" branch="false"/>
            <line number="15" hits="0" branch="false"/>
            <line number="22" hits="0" branch="false"/>
            <line number="24" hits="0" branch="false"/>
            <line number="26" hits="0" branch="false"/>
            <line number="28" hits="0" branch="false"/>
            <line number="40" hits="1" branch="false"/>
            <line number="41" hits="0" branch="false"/>
            <line number="42" hits="0" branch="false"/>
            <line number="43" hits="0" branch="false"/>
            <line number="45" hits="0" branch="false"/>
            <line number="46" hits="0" branch="false"/>
            <line number="51" hits="0" branch="false"/>
            <line number="55" hits="0" branch="false"/>
            <line number="59" hits="0" branch="false"/>
          </lines>
        </class>
        <class name="IncidentForm.jsx" filename="screens/newScreen/IncidentForm.jsx" line-rate="0.0984" branch-rate="0.37799999999999995">
          <methods>
            <method name="(anonymous_0)" hits="0" signature="()V">
              <lines>
                <line number="84" hits="0"/>
              </lines>
            </method>
            <method name="(anonymous_1)" hits="0" signature="()V">
              <lines>
                <line number="99" hits="0"/>
              </lines>
            </method>
            <method name="(anonymous_2)" hits="0" signature="()V">
              <lines>
                <line number="100" hits="0"/>
              </lines>
            </method>
            <method name="(anonymous_3)" hits="0" signature="()V">
              <lines>
                <line number="107" hits="0"/>
              </lines>
            </method>
            <method name="(anonymous_4)" hits="0" signature="()V">
              <lines>
                <line number="115" hits="0"/>
              </lines>
            </method>
            <method name="(anonymous_5)" hits="0" signature="()V">
              <lines>
                <line number="122" hits="0"/>
              </lines>
            </method>
            <method name="(anonymous_6)" hits="0" signature="()V">
              <lines>
                <line number="153" hits="0"/>
              </lines>
            </method>
            <method name="(anonymous_7)" hits="0" signature="()V">
              <lines>
                <line number="167" hits="0"/>
              </lines>
            </method>
            <method name="(anonymous_8)" hits="0" signature="()V">
              <lines>
                <line number="169" hits="0"/>
              </lines>
            </method>
            <method name="(anonymous_9)" hits="0" signature="()V">
              <lines>
                <line number="176" hits="0"/>
              </lines>
            </method>
            <method name="(anonymous_10)" hits="0" signature="()V">
              <lines>
                <line number="186" hits="0"/>
              </lines>
            </method>
            <method name="(anonymous_11)" hits="0" signature="()V">
              <lines>
                <line number="204" hits="0"/>
              </lines>
            </method>
            <method name="(anonymous_12)" hits="0" signature="()V">
              <lines>
                <line number="227" hits="0"/>
              </lines>
            </method>
            <method name="(anonymous_13)" hits="0" signature="()V">
              <lines>
                <line number="232" hits="0"/>
              </lines>
            </method>
            <method name="(anonymous_14)" hits="0" signature="()V">
              <lines>
                <line number="235" hits="0"/>
              </lines>
            </method>
            <method name="(anonymous_15)" hits="0" signature="()V">
              <lines>
                <line number="259" hits="0"/>
              </lines>
            </method>
            <method name="(anonymous_16)" hits="0" signature="()V">
              <lines>
                <line number="274" hits="0"/>
              </lines>
            </method>
            <method name="(anonymous_17)" hits="0" signature="()V">
              <lines>
                <line number="296" hits="0"/>
              </lines>
            </method>
            <method name="(anonymous_18)" hits="3" signature="()V">
              <lines>
                <line number="309" hits="3"/>
              </lines>
            </method>
            <method name="(anonymous_19)" hits="0" signature="()V">
              <lines>
                <line number="314" hits="0"/>
              </lines>
            </method>
            <method name="(anonymous_20)" hits="0" signature="()V">
              <lines>
                <line number="318" hits="0"/>
              </lines>
            </method>
            <method name="(anonymous_21)" hits="0" signature="()V">
              <lines>
                <line number="394" hits="0"/>
              </lines>
            </method>
            <method name="(anonymous_22)" hits="0" signature="()V">
              <lines>
                <line number="411" hits="0"/>
              </lines>
            </method>
            <method name="(anonymous_23)" hits="0" signature="()V">
              <lines>
                <line number="436" hits="0"/>
              </lines>
            </method>
            <method name="(anonymous_24)" hits="0" signature="()V">
              <lines>
                <line number="477" hits="0"/>
              </lines>
            </method>
            <method name="(anonymous_25)" hits="0" signature="()V">
              <lines>
                <line number="485" hits="0"/>
              </lines>
            </method>
            <method name="(anonymous_26)" hits="9" signature="()V">
              <lines>
                <line number="523" hits="9"/>
              </lines>
            </method>
            <method name="(anonymous_27)" hits="0" signature="()V">
              <lines>
                <line number="539" hits="0"/>
              </lines>
            </method>
            <method name="(anonymous_28)" hits="0" signature="()V">
              <lines>
                <line number="543" hits="0"/>
              </lines>
            </method>
            <method name="(anonymous_29)" hits="3" signature="()V">
              <lines>
                <line number="553" hits="3"/>
              </lines>
            </method>
            <method name="(anonymous_30)" hits="0" signature="()V">
              <lines>
                <line number="556" hits="0"/>
              </lines>
            </method>
            <method name="(anonymous_31)" hits="0" signature="()V">
              <lines>
                <line number="559" hits="0"/>
              </lines>
            </method>
            <method name="(anonymous_32)" hits="0" signature="()V">
              <lines>
                <line number="589" hits="0"/>
              </lines>
            </method>
            <method name="(anonymous_33)" hits="0" signature="()V">
              <lines>
                <line number="611" hits="0"/>
              </lines>
            </method>
            <method name="(anonymous_34)" hits="0" signature="()V">
              <lines>
                <line number="639" hits="0"/>
              </lines>
            </method>
            <method name="(anonymous_35)" hits="0" signature="()V">
              <lines>
                <line number="642" hits="0"/>
              </lines>
            </method>
            <method name="(anonymous_36)" hits="0" signature="()V">
              <lines>
                <line number="659" hits="0"/>
              </lines>
            </method>
            <method name="(anonymous_37)" hits="0" signature="()V">
              <lines>
                <line number="678" hits="0"/>
              </lines>
            </method>
            <method name="(anonymous_38)" hits="0" signature="()V">
              <lines>
                <line number="680" hits="0"/>
              </lines>
            </method>
            <method name="(anonymous_39)" hits="0" signature="()V">
              <lines>
                <line number="693" hits="0"/>
              </lines>
            </method>
            <method name="(anonymous_40)" hits="3" signature="()V">
              <lines>
                <line number="778" hits="3"/>
              </lines>
            </method>
          </methods>
          <lines>
            <line number="37" hits="1" branch="false"/>
            <line number="60" hits="3" branch="false"/>
            <line number="79" hits="3" branch="false"/>
            <line number="84" hits="3" branch="false"/>
            <line number="85" hits="0" branch="false"/>
            <line number="86" hits="0" branch="false"/>
            <line number="91" hits="0" branch="true" condition-coverage="0% (0/2)"/>
            <line number="92" hits="0" branch="false"/>
            <line number="95" hits="0" branch="false"/>
            <line number="100" hits="0" branch="false"/>
            <line number="101" hits="0" branch="false"/>
            <line number="108" hits="0" branch="false"/>
            <line number="112" hits="0" branch="false"/>
            <line number="115" hits="0" branch="false"/>
            <line number="122" hits="3" branch="false"/>
            <line number="123" hits="0" branch="true" condition-coverage="0% (0/2)"/>
            <line number="124" hits="0" branch="false"/>
            <line number="126" hits="0" branch="false"/>
            <line number="130" hits="0" branch="true" condition-coverage="0% (0/2)"/>
            <line number="131" hits="0" branch="false"/>
            <line number="133" hits="0" branch="true" condition-coverage="0% (0/2)"/>
            <line number="134" hits="0" branch="false"/>
            <line number="135" hits="0" branch="true" condition-coverage="0% (0/2)"/>
            <line number="150" hits="0" branch="false"/>
            <line number="151" hits="0" branch="true" condition-coverage="0% (0/2)"/>
            <line number="152" hits="0" branch="false"/>
            <line number="154" hits="0" branch="false"/>
            <line number="155" hits="0" branch="true" condition-coverage="0% (0/2)"/>
            <line number="156" hits="0" branch="false"/>
            <line number="158" hits="0" branch="true" condition-coverage="0% (0/2)"/>
            <line number="159" hits="0" branch="false"/>
            <line number="161" hits="0" branch="true" condition-coverage="0% (0/2)"/>
            <line number="162" hits="0" branch="false"/>
            <line number="165" hits="0" branch="false"/>
            <line number="168" hits="0" branch="false"/>
            <line number="169" hits="0" branch="false"/>
            <line number="170" hits="0" branch="false"/>
            <line number="172" hits="0" branch="false"/>
            <line number="177" hits="0" branch="false"/>
            <line number="178" hits="0" branch="false"/>
            <line number="179" hits="0" branch="false"/>
            <line number="183" hits="0" branch="false"/>
            <line number="184" hits="0" branch="false"/>
            <line number="187" hits="0" branch="false"/>
            <line number="193" hits="0" branch="true" condition-coverage="0% (0/2)"/>
            <line number="194" hits="0" branch="false"/>
            <line number="195" hits="0" branch="false"/>
            <line number="196" hits="0" branch="false"/>
            <line number="199" hits="0" branch="false"/>
            <line number="200" hits="0" branch="true" condition-coverage="0% (0/4)"/>
            <line number="201" hits="0" branch="false"/>
            <line number="205" hits="0" branch="false"/>
            <line number="206" hits="0" branch="false"/>
            <line number="212" hits="0" branch="false"/>
            <line number="213" hits="0" branch="false"/>
            <line number="214" hits="0" branch="true" condition-coverage="0% (0/2)"/>
            <line number="215" hits="0" branch="false"/>
            <line number="220" hits="0" branch="false"/>
            <line number="224" hits="0" branch="false"/>
            <line number="228" hits="0" branch="false"/>
            <line number="232" hits="3" branch="false"/>
            <line number="233" hits="0" branch="false"/>
            <line number="236" hits="0" branch="false"/>
            <line number="237" hits="0" branch="false"/>
            <line number="239" hits="0" branch="true" condition-coverage="0% (0/2)"/>
            <line number="240" hits="0" branch="false"/>
            <line number="241" hits="0" branch="false"/>
            <line number="242" hits="0" branch="false"/>
            <line number="244" hits="0" branch="false"/>
            <line number="250" hits="0" branch="false"/>
            <line number="253" hits="0" branch="false"/>
            <line number="254" hits="0" branch="false"/>
            <line number="260" hits="0" branch="false"/>
            <line number="261" hits="0" branch="false"/>
            <line number="262" hits="0" branch="true" condition-coverage="0% (0/2)"/>
            <line number="263" hits="0" branch="false"/>
            <line number="264" hits="0" branch="false"/>
            <line number="273" hits="0" branch="false"/>
            <line number="274" hits="0" branch="false"/>
            <line number="275" hits="0" branch="false"/>
            <line number="276" hits="0" branch="false"/>
            <line number="278" hits="0" branch="false"/>
            <line number="279" hits="0" branch="false"/>
            <line number="280" hits="0" branch="true" condition-coverage="0% (0/2)"/>
            <line number="281" hits="0" branch="false"/>
            <line number="282" hits="0" branch="false"/>
            <line number="284" hits="0" branch="false"/>
            <line number="289" hits="0" branch="false"/>
            <line number="292" hits="0" branch="false"/>
            <line number="297" hits="0" branch="false"/>
            <line number="298" hits="0" branch="false"/>
            <line number="299" hits="0" branch="true" condition-coverage="0% (0/2)"/>
            <line number="300" hits="0" branch="false"/>
            <line number="302" hits="0" branch="false"/>
            <line number="305" hits="0" branch="false"/>
            <line number="310" hits="3" branch="false"/>
            <line number="315" hits="0" branch="false"/>
            <line number="316" hits="0" branch="false"/>
            <line number="318" hits="0" branch="false"/>
            <line number="394" hits="0" branch="false"/>
            <line number="412" hits="0" branch="false"/>
            <line number="413" hits="0" branch="true" condition-coverage="0% (0/2)"/>
            <line number="436" hits="0" branch="false"/>
            <line number="477" hits="0" branch="false"/>
            <line number="485" hits="0" branch="false"/>
            <line number="524" hits="9" branch="false"/>
            <line number="525" hits="9" branch="true" condition-coverage="50% (1/2)"/>
            <line number="526" hits="0" branch="false"/>
            <line number="540" hits="0" branch="false"/>
            <line number="541" hits="0" branch="true" condition-coverage="0% (0/2)"/>
            <line number="542" hits="0" branch="false"/>
            <line number="544" hits="0" branch="false"/>
            <line number="545" hits="0" branch="false"/>
            <line number="546" hits="0" branch="false"/>
            <line number="550" hits="0" branch="false"/>
            <line number="554" hits="3" branch="true" condition-coverage="50% (1/2)"/>
            <line number="555" hits="0" branch="false"/>
            <line number="556" hits="0" branch="false"/>
            <line number="559" hits="0" branch="false"/>
            <line number="589" hits="0" branch="false"/>
            <line number="611" hits="0" branch="false"/>
            <line number="637" hits="3" branch="false"/>
            <line number="640" hits="0" branch="false"/>
            <line number="643" hits="0" branch="false"/>
            <line number="644" hits="0" branch="false"/>
            <line number="660" hits="0" branch="false"/>
            <line number="661" hits="0" branch="false"/>
            <line number="679" hits="0" branch="false"/>
            <line number="680" hits="0" branch="false"/>
            <line number="693" hits="0" branch="false"/>
            <line number="711" hits="1" branch="false"/>
            <line number="778" hits="3" branch="false"/>
          </lines>
        </class>
        <class name="MyVideoPlayer.js" filename="screens/newScreen/MyVideoPlayer.js" line-rate="0" branch-rate="0">
          <methods>
            <method name="VP" hits="0" signature="()V">
              <lines>
                <line number="5" hits="0"/>
              </lines>
            </method>
            <method name="(anonymous_1)" hits="0" signature="()V">
              <lines>
                <line number="34" hits="0"/>
              </lines>
            </method>
            <method name="(anonymous_2)" hits="0" signature="()V">
              <lines>
                <line number="35" hits="0"/>
              </lines>
            </method>
            <method name="(anonymous_3)" hits="0" signature="()V">
              <lines>
                <line number="41" hits="0"/>
              </lines>
            </method>
          </methods>
          <lines>
            <line number="6" hits="0" branch="false"/>
            <line number="7" hits="0" branch="true" condition-coverage="0% (0/2)"/>
            <line number="8" hits="0" branch="false"/>
            <line number="34" hits="0" branch="false"/>
            <line number="35" hits="0" branch="false"/>
            <line number="41" hits="0" branch="false"/>
          </lines>
        </class>
        <class name="profil.jsx" filename="screens/newScreen/profil.jsx" line-rate="0.37829999999999997" branch-rate="0.46659999999999996">
          <methods>
            <method name="(anonymous_0)" hits="1" signature="()V">
              <lines>
                <line number="35" hits="1"/>
              </lines>
            </method>
            <method name="(anonymous_1)" hits="0" signature="()V">
              <lines>
                <line number="38" hits="0"/>
              </lines>
            </method>
            <method name="(anonymous_2)" hits="1" signature="()V">
              <lines>
                <line number="42" hits="1"/>
              </lines>
            </method>
            <method name="(anonymous_3)" hits="0" signature="()V">
              <lines>
                <line number="56" hits="0"/>
              </lines>
            </method>
            <method name="(anonymous_4)" hits="0" signature="()V">
              <lines>
                <line number="63" hits="0"/>
              </lines>
            </method>
            <method name="(anonymous_5)" hits="0" signature="()V">
              <lines>
                <line number="63" hits="0"/>
              </lines>
            </method>
            <method name="(anonymous_6)" hits="0" signature="()V">
              <lines>
                <line number="65" hits="0"/>
              </lines>
            </method>
            <method name="(anonymous_7)" hits="0" signature="()V">
              <lines>
                <line number="73" hits="0"/>
              </lines>
            </method>
            <method name="(anonymous_8)" hits="0" signature="()V">
              <lines>
                <line number="74" hits="0"/>
              </lines>
            </method>
            <method name="(anonymous_9)" hits="2" signature="()V">
              <lines>
                <line number="78" hits="2"/>
              </lines>
            </method>
            <method name="(anonymous_10)" hits="0" signature="()V">
              <lines>
                <line number="96" hits="0"/>
              </lines>
            </method>
            <method name="(anonymous_11)" hits="0" signature="()V">
              <lines>
                <line number="159" hits="0"/>
              </lines>
            </method>
            <method name="(anonymous_12)" hits="0" signature="()V">
              <lines>
                <line number="172" hits="0"/>
              </lines>
            </method>
            <method name="(anonymous_13)" hits="0" signature="()V">
              <lines>
                <line number="222" hits="0"/>
              </lines>
            </method>
            <method name="(anonymous_14)" hits="0" signature="()V">
              <lines>
                <line number="307" hits="0"/>
              </lines>
            </method>
            <method name="(anonymous_15)" hits="0" signature="()V">
              <lines>
                <line number="328" hits="0"/>
              </lines>
            </method>
            <method name="(anonymous_16)" hits="0" signature="()V">
              <lines>
                <line number="335" hits="0"/>
              </lines>
            </method>
            <method name="(anonymous_17)" hits="0" signature="()V">
              <lines>
                <line number="337" hits="0"/>
              </lines>
            </method>
            <method name="(anonymous_18)" hits="0" signature="()V">
              <lines>
                <line number="367" hits="0"/>
              </lines>
            </method>
            <method name="(anonymous_19)" hits="1" signature="()V">
              <lines>
                <line number="492" hits="1"/>
              </lines>
            </method>
          </methods>
          <lines>
            <line number="26" hits="1" branch="false"/>
            <line number="36" hits="1" branch="false"/>
            <line number="39" hits="0" branch="false"/>
            <line number="40" hits="0" branch="false"/>
            <line number="43" hits="1" branch="true" condition-coverage="50% (1/2)"/>
            <line number="44" hits="1" branch="false"/>
            <line number="45" hits="1" branch="false"/>
            <line number="46" hits="1" branch="false"/>
            <line number="48" hits="1" branch="true" condition-coverage="50% (1/2)"/>
            <line number="49" hits="1" branch="false"/>
            <line number="50" hits="1" branch="false"/>
            <line number="51" hits="0" branch="false"/>
            <line number="53" hits="0" branch="false"/>
            <line number="56" hits="0" branch="false"/>
            <line number="57" hits="0" branch="false"/>
            <line number="58" hits="0" branch="false"/>
            <line number="62" hits="0" branch="false"/>
            <line number="63" hits="0" branch="false"/>
            <line number="65" hits="0" branch="false"/>
            <line number="66" hits="0" branch="true" condition-coverage="0% (0/2)"/>
            <line number="67" hits="0" branch="false"/>
            <line number="73" hits="0" branch="false"/>
            <line number="74" hits="0" branch="false"/>
            <line number="86" hits="2" branch="false"/>
            <line number="87" hits="2" branch="false"/>
            <line number="89" hits="2" branch="false"/>
            <line number="96" hits="0" branch="false"/>
            <line number="159" hits="0" branch="false"/>
            <line number="173" hits="0" branch="false"/>
            <line number="223" hits="0" branch="false"/>
            <line number="308" hits="0" branch="false"/>
            <line number="328" hits="0" branch="false"/>
            <line number="336" hits="0" branch="false"/>
            <line number="338" hits="0" branch="false"/>
            <line number="367" hits="0" branch="false"/>
            <line number="389" hits="1" branch="false"/>
            <line number="492" hits="1" branch="false"/>
          </lines>
        </class>
      </classes>
    </package>
    <package name="screens.slides" line-rate="1" branch-rate="1">
      <classes>
        <class name="Slide1.jsx" filename="screens/slides/Slide1.jsx" line-rate="1" branch-rate="1">
          <methods>
            <method name="(anonymous_0)" hits="1" signature="()V">
              <lines>
                <line number="8" hits="1"/>
              </lines>
            </method>
          </methods>
          <lines>
            <line number="5" hits="2" branch="false"/>
            <line number="9" hits="1" branch="false"/>
          </lines>
        </class>
        <class name="Slide2.jsx" filename="screens/slides/Slide2.jsx" line-rate="1" branch-rate="1">
          <methods>
            <method name="(anonymous_0)" hits="1" signature="()V">
              <lines>
                <line number="7" hits="1"/>
              </lines>
            </method>
          </methods>
          <lines>
            <line number="5" hits="2" branch="false"/>
            <line number="8" hits="1" branch="false"/>
          </lines>
        </class>
        <class name="Slide3.jsx" filename="screens/slides/Slide3.jsx" line-rate="1" branch-rate="1">
          <methods>
            <method name="(anonymous_0)" hits="1" signature="()V">
              <lines>
                <line number="7" hits="1"/>
              </lines>
            </method>
            <method name="MyImage" hits="3" signature="()V">
              <lines>
                <line number="46" hits="3"/>
              </lines>
            </method>
          </methods>
          <lines>
            <line number="5" hits="4" branch="false"/>
            <line number="8" hits="1" branch="false"/>
            <line number="47" hits="3" branch="false"/>
          </lines>
        </class>
      </classes>
    </package>
    <package name="shared" line-rate="0.40159999999999996" branch-rate="0.1869">
      <classes>
        <class name="AudioReader.js" filename="shared/AudioReader.js" line-rate="0.39149999999999996" branch-rate="0.1649">
          <methods>
            <method name="(anonymous_0)" hits="4" signature="()V">
              <lines>
                <line number="33" hits="4"/>
              </lines>
            </method>
            <method name="(anonymous_1)" hits="0" signature="()V">
              <lines>
                <line number="64" hits="0"/>
              </lines>
            </method>
            <method name="(anonymous_2)" hits="0" signature="()V">
              <lines>
                <line number="85" hits="0"/>
              </lines>
            </method>
            <method name="(anonymous_3)" hits="4" signature="()V">
              <lines>
                <line number="116" hits="4"/>
              </lines>
            </method>
            <method name="(anonymous_4)" hits="0" signature="()V">
              <lines>
                <line number="139" hits="0"/>
              </lines>
            </method>
            <method name="(anonymous_5)" hits="4" signature="()V">
              <lines>
                <line number="143" hits="4"/>
              </lines>
            </method>
            <method name="(anonymous_6)" hits="0" signature="()V">
              <lines>
                <line number="146" hits="0"/>
              </lines>
            </method>
            <method name="(anonymous_7)" hits="4" signature="()V">
              <lines>
                <line number="147" hits="4"/>
              </lines>
            </method>
            <method name="(anonymous_8)" hits="0" signature="()V">
              <lines>
                <line number="154" hits="0"/>
              </lines>
            </method>
            <method name="(anonymous_9)" hits="0" signature="()V">
              <lines>
                <line number="197" hits="0"/>
              </lines>
            </method>
            <method name="(anonymous_10)" hits="0" signature="()V">
              <lines>
                <line number="206" hits="0"/>
              </lines>
            </method>
            <method name="(anonymous_11)" hits="4" signature="()V">
              <lines>
                <line number="218" hits="4"/>
              </lines>
            </method>
            <method name="getMMSSFromMillis" hits="0" signature="()V">
              <lines>
                <line number="266" hits="0"/>
              </lines>
            </method>
            <method name="padWithZero" hits="0" signature="()V">
              <lines>
                <line number="273" hits="0"/>
              </lines>
            </method>
            <method name="Rect" hits="0" signature="()V">
              <lines>
                <line number="287" hits="0"/>
              </lines>
            </method>
            <method name="(anonymous_15)" hits="0" signature="()V">
              <lines>
                <line number="294" hits="0"/>
              </lines>
            </method>
            <method name="(anonymous_16)" hits="4" signature="()V">
              <lines>
                <line number="340" hits="4"/>
              </lines>
            </method>
            <method name="(anonymous_17)" hits="0" signature="()V">
              <lines>
                <line number="425" hits="0"/>
              </lines>
            </method>
            <method name="(anonymous_18)" hits="4" signature="()V">
              <lines>
                <line number="442" hits="4"/>
              </lines>
            </method>
            <method name="(anonymous_19)" hits="4" signature="()V">
              <lines>
                <line number="450" hits="4"/>
              </lines>
            </method>
            <method name="(anonymous_20)" hits="0" signature="()V">
              <lines>
                <line number="462" hits="0"/>
              </lines>
            </method>
            <method name="(anonymous_21)" hits="0" signature="()V">
              <lines>
                <line number="472" hits="0"/>
              </lines>
            </method>
            <method name="(anonymous_22)" hits="0" signature="()V">
              <lines>
                <line number="484" hits="0"/>
              </lines>
            </method>
            <method name="(anonymous_23)" hits="0" signature="()V">
              <lines>
                <line number="488" hits="0"/>
              </lines>
            </method>
            <method name="(anonymous_24)" hits="0" signature="()V">
              <lines>
                <line number="493" hits="0"/>
              </lines>
            </method>
            <method name="(anonymous_25)" hits="0" signature="()V">
              <lines>
                <line number="498" hits="0"/>
              </lines>
            </method>
            <method name="(anonymous_26)" hits="0" signature="()V">
              <lines>
                <line number="507" hits="0"/>
              </lines>
            </method>
            <method name="(anonymous_27)" hits="0" signature="()V">
              <lines>
                <line number="512" hits="0"/>
              </lines>
            </method>
            <method name="(anonymous_28)" hits="0" signature="()V">
              <lines>
                <line number="521" hits="0"/>
              </lines>
            </method>
            <method name="(anonymous_29)" hits="0" signature="()V">
              <lines>
                <line number="525" hits="0"/>
              </lines>
            </method>
            <method name="(anonymous_30)" hits="0" signature="()V">
              <lines>
                <line number="529" hits="0"/>
              </lines>
            </method>
            <method name="(anonymous_31)" hits="0" signature="()V">
              <lines>
                <line number="533" hits="0"/>
              </lines>
            </method>
            <method name="(anonymous_32)" hits="0" signature="()V">
              <lines>
                <line number="560" hits="0"/>
              </lines>
            </method>
            <method name="(anonymous_33)" hits="0" signature="()V">
              <lines>
                <line number="564" hits="0"/>
              </lines>
            </method>
            <method name="(anonymous_34)" hits="0" signature="()V">
              <lines>
                <line number="572" hits="0"/>
              </lines>
            </method>
            <method name="(anonymous_35)" hits="0" signature="()V">
              <lines>
                <line number="603" hits="0"/>
              </lines>
            </method>
            <method name="(anonymous_36)" hits="0" signature="()V">
              <lines>
                <line number="605" hits="0"/>
              </lines>
            </method>
            <method name="(anonymous_37)" hits="0" signature="()V">
              <lines>
                <line number="609" hits="0"/>
              </lines>
            </method>
            <method name="(anonymous_38)" hits="0" signature="()V">
              <lines>
                <line number="622" hits="0"/>
              </lines>
            </method>
            <method name="(anonymous_39)" hits="4" signature="()V">
              <lines>
                <line number="628" hits="4"/>
              </lines>
            </method>
            <method name="(anonymous_40)" hits="4" signature="()V">
              <lines>
                <line number="648" hits="4"/>
              </lines>
            </method>
            <method name="(anonymous_41)" hits="0" signature="()V">
              <lines>
                <line number="673" hits="0"/>
              </lines>
            </method>
            <method name="(anonymous_42)" hits="0" signature="()V">
              <lines>
                <line number="683" hits="0"/>
              </lines>
            </method>
          </methods>
          <lines>
            <line number="17" hits="2" branch="false"/>
            <line number="18" hits="2" branch="false"/>
            <line number="22" hits="4" branch="false"/>
            <line number="30" hits="4" branch="false"/>
            <line number="31" hits="4" branch="false"/>
            <line number="34" hits="4" branch="false"/>
            <line number="36" hits="4" branch="false"/>
            <line number="64" hits="0" branch="true" condition-coverage="0% (0/2)"/>
            <line number="85" hits="0" branch="true" condition-coverage="0% (0/2)"/>
            <line number="116" hits="4" branch="true" condition-coverage="100% (1/1)"/>
            <line number="117" hits="4" branch="true" condition-coverage="50% (1/2)"/>
            <line number="118" hits="4" branch="false"/>
            <line number="119" hits="4" branch="false"/>
            <line number="131" hits="0" branch="false"/>
            <line number="133" hits="0" branch="false"/>
            <line number="134" hits="0" branch="true" condition-coverage="0% (0/2)"/>
            <line number="135" hits="0" branch="false"/>
            <line number="139" hits="4" branch="false"/>
            <line number="140" hits="0" branch="false"/>
            <line number="144" hits="4" branch="false"/>
            <line number="146" hits="4" branch="false"/>
            <line number="148" hits="4" branch="true" condition-coverage="50% (1/2)"/>
            <line number="149" hits="0" branch="true" condition-coverage="0% (0/2)"/>
            <line number="150" hits="0" branch="false"/>
            <line number="151" hits="0" branch="false"/>
            <line number="154" hits="4" branch="false"/>
            <line number="155" hits="0" branch="false"/>
            <line number="158" hits="0" branch="true" condition-coverage="0% (0/5)"/>
            <line number="159" hits="0" branch="false"/>
            <line number="162" hits="0" branch="true" condition-coverage="0% (0/2)"/>
            <line number="163" hits="0" branch="true" condition-coverage="0% (0/2)"/>
            <line number="164" hits="0" branch="false"/>
            <line number="166" hits="0" branch="true" condition-coverage="0% (0/4)"/>
            <line number="167" hits="0" branch="false"/>
            <line number="169" hits="0" branch="false"/>
            <line number="172" hits="0" branch="true" condition-coverage="0% (0/2)"/>
            <line number="178" hits="0" branch="false"/>
            <line number="181" hits="0" branch="false"/>
            <line number="183" hits="0" branch="true" condition-coverage="0% (0/2)"/>
            <line number="184" hits="0" branch="false"/>
            <line number="192" hits="0" branch="true" condition-coverage="0% (0/2)"/>
            <line number="193" hits="0" branch="false"/>
            <line number="197" hits="4" branch="false"/>
            <line number="198" hits="0" branch="true" condition-coverage="0% (0/2)"/>
            <line number="199" hits="0" branch="true" condition-coverage="0% (0/2)"/>
            <line number="200" hits="0" branch="false"/>
            <line number="202" hits="0" branch="false"/>
            <line number="206" hits="4" branch="false"/>
            <line number="207" hits="0" branch="true" condition-coverage="0% (0/2)"/>
            <line number="208" hits="0" branch="false"/>
            <line number="210" hits="0" branch="false"/>
            <line number="214" hits="0" branch="false"/>
            <line number="218" hits="4" branch="false"/>
            <line number="219" hits="4" branch="true" condition-coverage="50% (1/2)"/>
            <line number="220" hits="0" branch="false"/>
            <line number="223" hits="4" branch="false"/>
            <line number="225" hits="4" branch="true" condition-coverage="50% (1/2)"/>
            <line number="230" hits="0" branch="false"/>
            <line number="233" hits="4" branch="false"/>
            <line number="237" hits="2" branch="false"/>
            <line number="267" hits="0" branch="false"/>
            <line number="268" hits="0" branch="false"/>
            <line number="269" hits="0" branch="false"/>
            <line number="271" hits="0" branch="false"/>
            <line number="274" hits="0" branch="false"/>
            <line number="276" hits="0" branch="true" condition-coverage="0% (0/2)"/>
            <line number="277" hits="0" branch="false"/>
            <line number="280" hits="0" branch="false"/>
            <line number="284" hits="2" branch="false"/>
            <line number="285" hits="2" branch="false"/>
            <line number="288" hits="0" branch="false"/>
[...]
              </lines>
            </method>
            <method name="login_with_facebook" hits="0" signature="()V">
              <lines>
                <line number="98" hits="0"/>
              </lines>
            </method>
            <method name="login_with_apple" hits="0" signature="()V">
              <lines>
                <line number="101" hits="0"/>
              </lines>
            </method>
          </methods>
          <lines>
            <line number="2" hits="1" branch="false"/>
            <line number="4" hits="0" branch="false"/>
            <line number="5" hits="0" branch="false"/>
            <line number="7" hits="0" branch="false"/>
            <line number="8" hits="0" branch="false"/>
            <line number="9" hits="0" branch="false"/>
            <line number="11" hits="0" branch="false"/>
            <line number="12" hits="0" branch="false"/>
            <line number="18" hits="0" branch="false"/>
            <line number="19" hits="0" branch="false"/>
            <line number="23" hits="0" branch="false"/>
            <line number="24" hits="0" branch="true" condition-coverage="0% (0/2)"/>
            <line number="25" hits="0" branch="false"/>
            <line number="26" hits="0" branch="false"/>
            <line number="27" hits="0" branch="false"/>
            <line number="28" hits="0" branch="true" condition-coverage="0% (0/2)"/>
            <line number="29" hits="0" branch="false"/>
            <line number="30" hits="0" branch="false"/>
            <line number="31" hits="0" branch="false"/>
            <line number="38" hits="0" branch="false"/>
            <line number="39" hits="0" branch="false"/>
            <line number="41" hits="0" branch="false"/>
            <line number="47" hits="0" branch="false"/>
            <line number="48" hits="0" branch="false"/>
            <line number="49" hits="0" branch="false"/>
            <line number="50" hits="0" branch="false"/>
            <line number="52" hits="0" branch="false"/>
            <line number="69" hits="0" branch="false"/>
            <line number="70" hits="0" branch="false"/>
            <line number="71" hits="0" branch="false"/>
            <line number="72" hits="0" branch="false"/>
            <line number="73" hits="0" branch="false"/>
            <line number="75" hits="0" branch="false"/>
            <line number="76" hits="0" branch="false"/>
            <line number="83" hits="0" branch="false"/>
            <line number="86" hits="0" branch="false"/>
            <line number="90" hits="0" branch="false"/>
            <line number="93" hits="0" branch="false"/>
            <line number="96" hits="0" branch="false"/>
            <line number="99" hits="0" branch="false"/>
            <line number="102" hits="0" branch="false"/>
          </lines>
        </class>
        <class name="challenge.js" filename="utils/http/challenge.js" line-rate="0.0256" branch-rate="0">
          <methods>
            <method name="create_challenge" hits="0" signature="()V">
              <lines>
                <line number="3" hits="0"/>
              </lines>
            </method>
            <method name="(anonymous_1)" hits="0" signature="()V">
              <lines>
                <line number="25" hits="0"/>
              </lines>
            </method>
            <method name="(anonymous_2)" hits="0" signature="()V">
              <lines>
                <line number="32" hits="0"/>
              </lines>
            </method>
            <method name="list_challenge" hits="1" signature="()V">
              <lines>
                <line number="36" hits="1"/>
              </lines>
            </method>
            <method name="(anonymous_4)" hits="0" signature="()V">
              <lines>
                <line number="40" hits="0"/>
              </lines>
            </method>
            <method name="(anonymous_5)" hits="0" signature="()V">
              <lines>
                <line number="41" hits="0"/>
              </lines>
            </method>
            <method name="(anonymous_6)" hits="0" signature="()V">
              <lines>
                <line number="44" hits="0"/>
              </lines>
            </method>
            <method name="(anonymous_7)" hits="0" signature="()V">
              <lines>
                <line number="46" hits="0"/>
              </lines>
            </method>
            <method name="participate" hits="0" signature="()V">
              <lines>
                <line number="57" hits="0"/>
              </lines>
            </method>
            <method name="un_participate" hits="0" signature="()V">
              <lines>
                <line number="60" hits="0"/>
              </lines>
            </method>
            <method name="list_participate" hits="0" signature="()V">
              <lines>
                <line number="63" hits="0"/>
              </lines>
            </method>
            <method name="makeid" hits="0" signature="()V">
              <lines>
                <line number="67" hits="0"/>
              </lines>
            </method>
          </methods>
          <lines>
            <line number="4" hits="0" branch="false"/>
            <line number="5" hits="0" branch="true" condition-coverage="0% (0/2)"/>
            <line number="6" hits="0" branch="false"/>
            <line number="7" hits="0" branch="false"/>
            <line number="8" hits="0" branch="false"/>
            <line number="9" hits="0" branch="false"/>
            <line number="15" hits="0" branch="true" condition-coverage="0% (0/2)"/>
            <line number="16" hits="0" branch="false"/>
            <line number="17" hits="0" branch="false"/>
            <line number="18" hits="0" branch="false"/>
            <line number="19" hits="0" branch="false"/>
            <line number="25" hits="0" branch="false"/>
            <line number="26" hits="0" branch="false"/>
            <line number="28" hits="0" branch="false"/>
            <line number="32" hits="0" branch="true" condition-coverage="0% (0/4)"/>
            <line number="38" hits="1" branch="false"/>
            <line number="39" hits="0" branch="false"/>
            <line number="40" hits="0" branch="false"/>
            <line number="41" hits="0" branch="false"/>
            <line number="42" hits="0" branch="false"/>
            <line number="43" hits="0" branch="false"/>
            <line number="44" hits="0" branch="false"/>
            <line number="45" hits="0" branch="false"/>
            <line number="46" hits="0" branch="true" condition-coverage="0% (0/2)"/>
            <line number="47" hits="0" branch="false"/>
            <line number="48" hits="0" branch="true" condition-coverage="0% (0/2)"/>
            <line number="49" hits="0" branch="false"/>
            <line number="52" hits="0" branch="false"/>
            <line number="54" hits="0" branch="false"/>
            <line number="58" hits="0" branch="false"/>
            <line number="61" hits="0" branch="false"/>
            <line number="64" hits="0" branch="false"/>
            <line number="65" hits="0" branch="false"/>
            <line number="68" hits="0" branch="false"/>
            <line number="70" hits="0" branch="false"/>
            <line number="71" hits="0" branch="false"/>
            <line number="72" hits="0" branch="false"/>
            <line number="73" hits="0" branch="false"/>
            <line number="75" hits="0" branch="false"/>
          </lines>
        </class>
        <class name="http.js" filename="utils/http/http.js" line-rate="0.37929999999999997" branch-rate="0.2439">
          <methods>
            <method name="(anonymous_0)" hits="0" signature="()V">
              <lines>
                <line number="46" hits="0"/>
              </lines>
            </method>
            <method name="getUrl" hits="1" signature="()V">
              <lines>
                <line number="75" hits="1"/>
              </lines>
            </method>
            <method name="get" hits="2" signature="()V">
              <lines>
                <line number="79" hits="2"/>
              </lines>
            </method>
            <method name="(anonymous_3)" hits="0" signature="()V">
              <lines>
                <line number="81" hits="0"/>
              </lines>
            </method>
            <method name="post" hits="1" signature="()V">
              <lines>
                <line number="84" hits="1"/>
              </lines>
            </method>
            <method name="(anonymous_5)" hits="0" signature="()V">
              <lines>
                <line number="86" hits="0"/>
              </lines>
            </method>
            <method name="put" hits="1" signature="()V">
              <lines>
                <line number="88" hits="1"/>
              </lines>
            </method>
            <method name="(anonymous_7)" hits="0" signature="()V">
              <lines>
                <line number="90" hits="0"/>
              </lines>
            </method>
            <method name="deleteItem" hits="1" signature="()V">
              <lines>
                <line number="92" hits="1"/>
              </lines>
            </method>
            <method name="(anonymous_9)" hits="0" signature="()V">
              <lines>
                <line number="94" hits="0"/>
              </lines>
            </method>
            <method name="getOptions" hits="5" signature="()V">
              <lines>
                <line number="96" hits="5"/>
              </lines>
            </method>
            <method name="getImage" hits="2" signature="()V">
              <lines>
                <line number="110" hits="2"/>
              </lines>
            </method>
            <method name="upload" hits="0" signature="()V">
              <lines>
                <line number="127" hits="0"/>
              </lines>
            </method>
            <method name="(anonymous_13)" hits="0" signature="()V">
              <lines>
                <line number="129" hits="0"/>
              </lines>
            </method>
            <method name="makeid" hits="0" signature="()V">
              <lines>
                <line number="143" hits="0"/>
              </lines>
            </method>
          </methods>
          <lines>
            <line number="11" hits="4" branch="false"/>
            <line number="14" hits="4" branch="false"/>
            <line number="16" hits="4" branch="false"/>
            <line number="19" hits="4" branch="false"/>
            <line number="45" hits="4" branch="false"/>
            <line number="46" hits="4" branch="false"/>
            <line number="47" hits="0" branch="false"/>
            <line number="48" hits="0" branch="true" condition-coverage="0% (0/2)"/>
            <line number="50" hits="0" branch="true" condition-coverage="0% (0/6)"/>
            <line number="51" hits="0" branch="true" condition-coverage="0% (0/2)"/>
            <line number="52" hits="0" branch="false"/>
            <line number="53" hits="0" branch="false"/>
            <line number="54" hits="0" branch="true" condition-coverage="0% (0/4)"/>
            <line number="56" hits="0" branch="false"/>
            <line number="57" hits="0" branch="false"/>
            <line number="58" hits="0" branch="false"/>
            <line number="60" hits="0" branch="false"/>
            <line number="62" hits="0" branch="true" condition-coverage="0% (0/4)"/>
            <line number="63" hits="0" branch="false"/>
            <line number="64" hits="0" branch="true" condition-coverage="0% (0/2)"/>
            <line number="67" hits="0" branch="false"/>
            <line number="69" hits="0" branch="false"/>
            <line number="72" hits="0" branch="false"/>
            <line number="76" hits="1" branch="false"/>
            <line number="80" hits="2" branch="false"/>
            <line number="81" hits="1" branch="false"/>
            <line number="85" hits="1" branch="false"/>
            <line number="86" hits="0" branch="false"/>
            <line number="89" hits="1" branch="false"/>
            <line number="90" hits="0" branch="false"/>
            <line number="93" hits="1" branch="false"/>
            <line number="94" hits="0" branch="false"/>
            <line number="97" hits="5" branch="true" condition-coverage="50% (1/2)"/>
            <line number="98" hits="5" branch="true" condition-coverage="50% (1/2)"/>
            <line number="99" hits="5" branch="false"/>
            <line number="100" hits="5" branch="true" condition-coverage="50% (1/2)"/>
            <line number="101" hits="5" branch="false"/>
            <line number="102" hits="1" branch="true" condition-coverage="50% (1/2)"/>
            <line number="103" hits="0" branch="false"/>
            <line number="106" hits="1" branch="false"/>
            <line number="107" hits="1" branch="false"/>
            <line number="111" hits="2" branch="true" condition-coverage="50% (1/2)"/>
            <line number="112" hits="0" branch="true" condition-coverage="0% (0/2)"/>
            <line number="113" hits="0" branch="true" condition-coverage="0% (0/2)"/>
            <line number="114" hits="0" branch="false"/>
            <line number="116" hits="0" branch="false"/>
            <line number="119" hits="0" branch="false"/>
            <line number="122" hits="2" branch="true" condition-coverage="50% (1/2)"/>
            <line number="128" hits="0" branch="false"/>
            <line number="130" hits="0" branch="false"/>
            <line number="133" hits="0" branch="false"/>
            <line number="140" hits="0" branch="false"/>
            <line number="144" hits="0" branch="false"/>
            <line number="146" hits="0" branch="false"/>
            <line number="147" hits="0" branch="false"/>
            <line number="148" hits="0" branch="false"/>
            <line number="149" hits="0" branch="false"/>
            <line number="151" hits="0" branch="false"/>
          </lines>
        </class>
        <class name="incident.js" filename="utils/http/incident.js" line-rate="0" branch-rate="0">
          <methods>
            <method name="create_incident" hits="0" signature="()V">
              <lines>
                <line number="4" hits="0"/>
              </lines>
            </method>
            <method name="(anonymous_1)" hits="0" signature="()V">
              <lines>
                <line number="39" hits="0"/>
              </lines>
            </method>
            <method name="update_incident" hits="0" signature="()V">
              <lines>
                <line number="48" hits="0"/>
              </lines>
            </method>
            <method name="list_incident" hits="0" signature="()V">
              <lines>
                <line number="52" hits="0"/>
              </lines>
            </method>
            <method name="(anonymous_4)" hits="0" signature="()V">
              <lines>
                <line number="58" hits="0"/>
              </lines>
            </method>
            <method name="list_categories" hits="0" signature="()V">
              <lines>
                <line number="73" hits="0"/>
              </lines>
            </method>
            <method name="list_zone" hits="0" signature="()V">
              <lines>
                <line number="79" hits="0"/>
              </lines>
            </method>
          </methods>
          <lines>
            <line number="8" hits="0" branch="false"/>
            <line number="9" hits="0" branch="true" condition-coverage="0% (0/2)"/>
            <line number="10" hits="0" branch="false"/>
            <line number="11" hits="0" branch="false"/>
            <line number="12" hits="0" branch="false"/>
            <line number="13" hits="0" branch="false"/>
            <line number="19" hits="0" branch="true" condition-coverage="0% (0/2)"/>
            <line number="20" hits="0" branch="false"/>
            <line number="21" hits="0" branch="false"/>
            <line number="22" hits="0" branch="false"/>
            <line number="23" hits="0" branch="false"/>
            <line number="29" hits="0" branch="true" condition-coverage="0% (0/2)"/>
            <line number="30" hits="0" branch="false"/>
            <line number="31" hits="0" branch="false"/>
            <line number="32" hits="0" branch="false"/>
            <line number="33" hits="0" branch="false"/>
            <line number="39" hits="0" branch="false"/>
            <line number="40" hits="0" branch="false"/>
            <line number="43" hits="0" branch="false"/>
            <line number="45" hits="0" branch="false"/>
            <line number="49" hits="0" branch="false"/>
            <line number="53" hits="0" branch="false"/>
            <line number="55" hits="0" branch="false"/>
            <line number="56" hits="0" branch="false"/>
            <line number="57" hits="0" branch="false"/>
            <line number="58" hits="0" branch="false"/>
            <line number="59" hits="0" branch="true" condition-coverage="0% (0/2)"/>
            <line number="60" hits="0" branch="false"/>
            <line number="61" hits="0" branch="false"/>
            <line number="62" hits="0" branch="false"/>
            <line number="64" hits="0" branch="false"/>
            <line number="67" hits="0" branch="false"/>
            <line number="70" hits="0" branch="false"/>
            <line number="74" hits="0" branch="false"/>
            <line number="76" hits="0" branch="false"/>
            <line number="80" hits="0" branch="false"/>
            <line number="82" hits="0" branch="false"/>
          </lines>
        </class>
        <class name="user.js" filename="utils/http/user.js" line-rate="0" branch-rate="0">
          <methods>
            <method name="list_user" hits="0" signature="()V">
              <lines>
                <line number="3" hits="0"/>
              </lines>
            </method>
            <method name="(anonymous_1)" hits="0" signature="()V">
              <lines>
                <line number="4" hits="0"/>
              </lines>
            </method>
            <method name="read_user" hits="0" signature="()V">
              <lines>
                <line number="15" hits="0"/>
              </lines>
            </method>
            <method name="update_user" hits="0" signature="()V">
              <lines>
                <line number="19" hits="0"/>
              </lines>
            </method>
            <method name="(anonymous_4)" hits="0" signature="()V">
              <lines>
                <line number="32" hits="0"/>
              </lines>
            </method>
          </methods>
          <lines>
            <line number="4" hits="0" branch="false"/>
            <line number="5" hits="0" branch="false"/>
            <line number="6" hits="0" branch="true" condition-coverage="0% (0/2)"/>
            <line number="7" hits="0" branch="false"/>
            <line number="8" hits="0" branch="false"/>
            <line number="10" hits="0" branch="false"/>
            <line number="12" hits="0" branch="false"/>
            <line number="16" hits="0" branch="false"/>
            <line number="20" hits="0" branch="false"/>
            <line number="21" hits="0" branch="true" condition-coverage="0% (0/2)"/>
            <line number="22" hits="0" branch="false"/>
            <line number="23" hits="0" branch="false"/>
            <line number="24" hits="0" branch="false"/>
            <line number="25" hits="0" branch="false"/>
            <line number="32" hits="0" branch="false"/>
            <line number="33" hits="0" branch="false"/>
            <line number="36" hits="0" branch="false"/>
            <line number="41" hits="0" branch="true" condition-coverage="0% (0/2)"/>
            <line number="42" hits="0" branch="false"/>
            <line number="44" hits="0" branch="false"/>
          </lines>
        </class>
      </classes>
    </package>
  </packages>
</coverage>
