{"/home/yugo19/map-action/Map-Action-Mobile-App/Map-Action-Mobile/screens/Logout.js": {"path":"/home/yugo19/map-action/Map-Action-Mobile-App/Map-Action-Mobile/screens/Logout.js","statementMap":{"0":{"start":{"line":9,"column":4},"end":{"line":9,"column":27}},"1":{"start":{"line":10,"column":4},"end":{"line":10,"column":26}},"2":{"start":{"line":11,"column":4},"end":{"line":11,"column":43}},"3":{"start":{"line":15,"column":4},"end":{"line":19,"column":6}}},"fnMap":{"0":{"name":"(anonymous_0)","decl":{"start":{"line":8,"column":2},"end":{"line":8,"column":3}},"loc":{"start":{"line":8,"column":28},"end":{"line":12,"column":3}},"line":8},"1":{"name":"(anonymous_1)","decl":{"start":{"line":14,"column":2},"end":{"line":14,"column":3}},"loc":{"start":{"line":14,"column":11},"end":{"line":20,"column":3}},"line":14}},"branchMap":{},"s":{"0":0,"1":0,"2":0,"3":0},"f":{"0":0,"1":0},"b":{},"_coverageSchema":"1a1c01bbd47fc00a2c39e90264f33305004495a9","hash":"51767aa65722a388d2c601644d39c27e72831b5d"}
,"/home/yugo19/map-action/Map-Action-Mobile-App/Map-Action-Mobile/utils/userStorage.js": {"path":"/home/yugo19/map-action/Map-Action-Mobile-App/Map-Action-Mobile/utils/userStorage.js","statementMap":{"0":{"start":{"line":3,"column":24},"end":{"line":3,"column":51}},"1":{"start":{"line":4,"column":25},"end":{"line":4,"column":47}},"2":{"start":{"line":6,"column":2},"end":{"line":6,"column":68}},"3":{"start":{"line":9,"column":2},"end":{"line":9,"column":34}},"4":{"start":{"line":12,"column":2},"end":{"line":17,"column":3}},"5":{"start":{"line":13,"column":17},"end":{"line":13,"column":48}},"6":{"start":{"line":14,"column":4},"end":{"line":14,"column":38}},"7":{"start":{"line":14,"column":14},"end":{"line":14,"column":38}},"8":{"start":{"line":16,"column":4},"end":{"line":16,"column":24}},"9":{"start":{"line":19,"column":2},"end":{"line":19,"column":22}},"10":{"start":{"line":22,"column":2},"end":{"line":22,"column":50}},"11":{"start":{"line":26,"column":2},"end":{"line":26,"column":31}},"12":{"start":{"line":30,"column":20},"end":{"line":30,"column":40}},"13":{"start":{"line":31,"column":2},"end":{"line":31,"column":27}},"14":{"start":{"line":32,"column":2},"end":{"line":32,"column":34}},"15":{"start":{"line":36,"column":2},"end":{"line":36,"column":34}},"16":{"start":{"line":40,"column":2},"end":{"line":40,"column":37}},"17":{"start":{"line":42,"column":16},"end":{"line":46,"column":1}}},"fnMap":{"0":{"name":"getUser","decl":{"start":{"line":5,"column":22},"end":{"line":5,"column":29}},"loc":{"start":{"line":5,"column":32},"end":{"line":7,"column":1}},"line":5},"1":{"name":"setUser","decl":{"start":{"line":8,"column":22},"end":{"line":8,"column":29}},"loc":{"start":{"line":8,"column":36},"end":{"line":10,"column":1}},"line":8},"2":{"name":"getData","decl":{"start":{"line":11,"column":22},"end":{"line":11,"column":29}},"loc":{"start":{"line":11,"column":56},"end":{"line":20,"column":1}},"line":11},"3":{"name":"setData","decl":{"start":{"line":21,"column":16},"end":{"line":21,"column":23}},"loc":{"start":{"line":21,"column":35},"end":{"line":23,"column":1}},"line":21},"4":{"name":"deleteData","decl":{"start":{"line":25,"column":16},"end":{"line":25,"column":26}},"loc":{"start":{"line":25,"column":32},"end":{"line":27,"column":1}},"line":25},"5":{"name":"setIncident","decl":{"start":{"line":29,"column":22},"end":{"line":29,"column":33}},"loc":{"start":{"line":29,"column":44},"end":{"line":33,"column":1}},"line":29},"6":{"name":"getIncidents","decl":{"start":{"line":35,"column":22},"end":{"line":35,"column":34}},"loc":{"start":{"line":35,"column":37},"end":{"line":37,"column":1}},"line":35},"7":{"name":"logout","decl":{"start":{"line":39,"column":22},"end":{"line":39,"column":28}},"loc":{"start":{"line":39,"column":31},"end":{"line":41,"column":1}},"line":39}},"branchMap":{"0":{"loc":{"start":{"line":11,"column":35},"end":{"line":11,"column":54}},"type":"default-arg","locations":[{"start":{"line":11,"column":50},"end":{"line":11,"column":54}}],"line":11},"1":{"loc":{"start":{"line":14,"column":4},"end":{"line":14,"column":38}},"type":"if","locations":[{"start":{"line":14,"column":4},"end":{"line":14,"column":38}},{"start":{},"end":{}}],"line":14}},"s":{"0":1,"1":1,"2":0,"3":0,"4":0,"5":0,"6":0,"7":0,"8":0,"9":0,"10":0,"11":0,"12":0,"13":0,"14":0,"15":0,"16":0,"17":1},"f":{"0":0,"1":0,"2":0,"3":0,"4":0,"5":0,"6":0,"7":0},"b":{"0":[0],"1":[0,0]},"_coverageSchema":"1a1c01bbd47fc00a2c39e90264f33305004495a9","hash":"f9f8b3b3ec42de084d3cc8333bcbee0a47312e5f"}
}
