TN:
SF:screens/Logout.js
FN:8,(anonymous_0)
FN:14,(anonymous_1)
FNF:2
FNH:0
FNDA:0,(anonymous_0)
FNDA:0,(anonymous_1)
DA:9,0
DA:10,0
DA:11,0
DA:15,0
LF:4
LH:0
BRF:0
BRH:0
end_of_record
TN:
SF:utils/userStorage.js
FN:5,getUser
FN:8,setUser
FN:11,getData
FN:21,setData
FN:25,deleteData
FN:29,setIncident
FN:35,getIncidents
FN:39,logout
FNF:8
FNH:0
FNDA:0,getUser
FNDA:0,setUser
FNDA:0,getData
FNDA:0,setData
FNDA:0,deleteData
FNDA:0,setIncident
FNDA:0,getIncidents
FNDA:0,logout
DA:3,1
DA:4,1
DA:6,0
DA:9,0
DA:12,0
DA:13,0
DA:14,0
DA:16,0
DA:19,0
DA:22,0
DA:26,0
DA:30,0
DA:31,0
DA:32,0
DA:36,0
DA:40,0
DA:42,1
LF:17
LH:3
BRDA:11,0,0,0
BRDA:14,1,0,0
BRDA:14,1,1,0
BRF:3
BRH:0
end_of_record
